TN:
SF:/Users/n0310725/Documents/Personal/TaxiBooking/src/routes.js
FN:18,(anonymous_1)
FN:34,(anonymous_2)
FN:73,(anonymous_3)
FN:91,_sendJsonErr
FNF:4
FNH:4
FNDA:3,(anonymous_1)
FNDA:14,(anonymous_2)
FNDA:6,(anonymous_3)
FNDA:5,_sendJsonErr
DA:3,1
DA:4,1
DA:5,1
DA:6,1
DA:7,1
DA:8,1
DA:10,1
DA:18,1
DA:19,3
DA:20,3
DA:22,3
DA:23,3
DA:34,1
DA:35,14
DA:36,14
DA:37,14
DA:40,14
DA:41,1
DA:42,14
DA:43,1
DA:44,14
DA:46,14
DA:48,14
DA:49,14
DA:51,14
DA:52,1
DA:53,14
DA:54,1
DA:55,14
DA:58,14
DA:59,1
DA:61,14
DA:62,14
DA:63,14
DA:73,1
DA:74,6
DA:75,6
DA:76,6
DA:91,1
DA:92,5
DA:93,5
DA:99,1
LF:42
LH:42
BRDA:40,1,0,1
BRDA:40,1,1,13
BRDA:40,2,0,14
BRDA:40,2,1,14
BRDA:42,3,0,1
BRDA:42,3,1,13
BRDA:42,4,0,14
BRDA:42,4,1,14
BRDA:51,5,0,1
BRDA:51,5,1,13
BRDA:51,6,0,14
BRDA:51,6,1,14
BRDA:53,7,0,1
BRDA:53,7,1,13
BRDA:53,8,0,14
BRDA:53,8,1,14
BRDA:58,9,0,1
BRDA:58,9,1,13
BRDA:58,10,0,14
BRDA:58,10,1,7
BRF:20
BRH:20
end_of_record
TN:
SF:/Users/n0310725/Documents/Personal/TaxiBooking/src/constants/statusConstants.js
FNF:0
FNH:0
DA:3,1
DA:10,1
LF:2
LH:2
BRF:0
BRH:0
end_of_record
TN:
SF:/Users/n0310725/Documents/Personal/TaxiBooking/src/constants/taxiFleetConstants.js
FNF:0
FNH:0
DA:3,1
DA:12,1
LF:2
LH:2
BRF:0
BRH:0
end_of_record
TN:
SF:/Users/n0310725/Documents/Personal/TaxiBooking/src/taxiBooking/Position.js
FN:14,(anonymous_1)
FN:23,(anonymous_2)
FN:31,(anonymous_3)
FNF:3
FNH:3
FNDA:50,(anonymous_1)
FNDA:90,(anonymous_2)
FNDA:80,(anonymous_3)
DA:15,50
DA:16,50
DA:24,90
DA:32,80
DA:37,1
LF:5
LH:5
BRF:0
BRH:0
end_of_record
TN:
SF:/Users/n0310725/Documents/Personal/TaxiBooking/src/taxiBooking/Taxi.js
FN:15,(anonymous_1)
FN:40,(anonymous_2)
FN:49,(anonymous_3)
FN:76,(anonymous_4)
FN:126,(anonymous_5)
FN:143,(anonymous_6)
FNF:6
FNH:6
FNDA:9,(anonymous_1)
FNDA:10,(anonymous_2)
FNDA:18,(anonymous_3)
FNDA:13,(anonymous_4)
FNDA:42,(anonymous_5)
FNDA:10,(anonymous_6)
DA:3,1
DA:17,9
DA:20,9
DA:23,9
DA:27,9
DA:30,9
DA:33,9
DA:41,10
DA:50,18
DA:51,13
DA:53,7
DA:56,6
DA:60,18
DA:77,13
DA:78,13
DA:79,13
DA:80,13
DA:83,13
DA:85,8
DA:86,8
DA:87,4
DA:89,4
DA:93,5
DA:94,5
DA:95,4
DA:97,1
DA:101,13
DA:103,13
DA:104,13
DA:105,13
DA:106,6
DA:108,3
DA:109,3
DA:110,3
DA:111,3
DA:114,3
DA:127,42
DA:128,21
DA:130,21
DA:131,21
DA:133,21
DA:144,10
DA:145,10
DA:146,10
DA:149,10
DA:150,1
DA:155,1
LF:47
LH:47
BRDA:50,1,0,13
BRDA:50,1,1,5
BRDA:51,2,0,7
BRDA:51,2,1,6
BRDA:83,3,0,8
BRDA:83,3,1,5
BRDA:86,4,0,4
BRDA:86,4,1,4
BRDA:94,5,0,4
BRDA:94,5,1,1
BRDA:105,6,0,6
BRDA:105,6,1,7
BRDA:105,7,0,13
BRDA:105,7,1,9
BRDA:106,8,0,3
BRDA:106,8,1,3
BRDA:127,9,0,21
BRDA:127,9,1,21
BRDA:149,10,0,1
BRDA:149,10,1,9
BRDA:149,11,0,10
BRDA:149,11,1,5
BRF:22
BRH:22
end_of_record
TN:
SF:/Users/n0310725/Documents/Personal/TaxiBooking/src/taxiBooking/TaxiFleet.js
FN:15,(anonymous_1)
FN:25,(anonymous_2)
FN:47,(anonymous_3)
FN:85,(anonymous_4)
FNF:4
FNH:4
FNDA:1,(anonymous_1)
FNDA:3,(anonymous_2)
FNDA:14,(anonymous_3)
FNDA:6,(anonymous_4)
DA:3,1
DA:4,1
DA:16,1
DA:26,3
DA:27,3
DA:29,3
DA:30,9
DA:32,9
DA:35,3
DA:49,14
DA:50,14
DA:52,14
DA:53,42
DA:55,42
DA:56,21
DA:57,10
DA:58,10
DA:64,14
DA:65,4
DA:69,10
DA:71,10
DA:76,10
DA:86,6
DA:88,6
DA:89,18
DA:90,18
DA:94,6
DA:98,1
LF:28
LH:28
BRDA:55,1,0,21
BRDA:55,1,1,21
BRDA:56,2,0,10
BRDA:56,2,1,11
BRDA:56,3,0,21
BRDA:56,3,1,11
BRDA:64,4,0,4
BRDA:64,4,1,10
BRF:8
BRH:8
end_of_record
